6105 99181425
1662 98773762
1386 97789405
1288 97789405
992 97789405
962 97789405
563 97789405
495 97789405
376 96019105
363 96019105
313 96019105
291 96019105
251 96019105
243 96019105
231 96019105
209 96019105
190 96019105
177 96019105
161 96019105
138 96019105
116 96019105
101 96019105
84 93081580
69 93081580
66 93081580
65 93081580
62 93081580
59 93081580
54 93081580
48 93081580
41 93081580
38 93081580
32 93081580
27 93081580
21 93081580
15 93081580
13 26848212
10 26236661
9 26236661
6 26236661
4 26236661
1 26236661
0 0
0 0
0 0
0 0
0 0
0 0
0 0
0 0
0 0
0 0
0 0
0 0
0 0
0 0
0 0
0 0
0 0
0 0
0 0
0 0
0 0
0 0
0 0
0 0
0 0
0 0
0 0
0 0
0 0
0 0
0 0
0 0
0 0
0 0
0 0
0 0
0 0
0 0
0 0
0 0
0 0
0 0
0 0
0 0
0 0
0 0
0 0
0 0
0 0
0 0
0 0
0 0
0 0
0 0
0 0
0 0
0 0
0 0
0 0
0 0
0 0
0 0
0 0
0 0
0 0
0 0
0 0
0 0
0 0
