35245 96655942
29005 96655942
28900 96655942
12014 96655942
9318 96043320
8322 96043320
8308 96043320
7813 96043320
4547 96043320
4295 96043320
4109 96043320
3575 96043320
2630 93517010
2330 93517010
2246 92823434
1877 92823434
1826 92823434
1668 92823434
1540 92823434
1499 92823434
1487 92823434
1374 92823434
1365 92823434
1345 92823434
1208 92823434
1173 92823434
1067 92823434
993 92823434
895 92823434
891 92823434
887 92823434
807 92823434
804 92823434
799 92823434
737 92823434
659 92823434
645 92823434
630 92823434
621 92823434
582 92823434
578 92823434
570 92823434
545 92823434
543 92823434
533 92823434
529 92823434
508 92527938
465 92527938
460 92527938
458 92527938
454 92527938
445 92527938
443 92527938
429 92527938
419 92527938
415 92527938
414 92527938
400 92527938
371 92527938
363 92527938
319 92527938
313 92527938
310 92527938
309 92527938
296 92527938
293 92527938
282 92527938
275 89250477
265 89250477
241 89250477
235 89250477
230 89250477
227 89250477
225 89250477
214 89250477
202 89250477
200 89250477
198 89250477
197 89250477
190 89250477
184 89250477
179 89250477
176 89250477
175 89250477
171 89250477
169 89250477
164 89250477
161 89250477
160 89250477
152 89250477
151 89250477
150 89250477
147 89250477
145 89250477
142 89250477
132 89250477
130 89250477
128 89250477
123 89250477
121 89250477
119 89250477
118 89250477
117 89250477
105 89250477
102 89250477
100 89250477
96 89250477
90 89250477
87 89250477
81 89250477
78 89250477
77 89250477
75 89250477
73 89250477
70 89250477
68 89250477
67 89250477
61 89250477
60 89250477
57 89250477
55 89250477
54 89250477
53 89250477
51 89250477
49 89250477
48 89250477
47 89250477
46 89250477
43 89250477
40 89250477
39 89250477
37 89250477
36 89250477
34 89250477
33 89250477
32 89250477
30 89250477
29 89250477
28 89250477
27 89250477
26 89250477
25 89250477
23 89250477
21 89250477
16 89250477
11 89250477
10 89250477
8 89250477
2 89250477
1 -28132950
0 0
0 0
0 0
0 0
0 0
0 0
0 0
0 0
0 0
0 0
0 0
0 0
0 0
0 0
0 0
0 0
0 0
0 0
0 0
0 0
0 0
0 0
0 0
0 0
0 0
0 0
0 0
0 0
0 0
0 0
0 0
0 0
0 0
0 0
0 0
0 0
0 0
0 0
0 0
0 0
0 0
0 0
0 0
0 0
0 0
0 0
0 0
0 0
0 0
0 0
0 0
0 0
0 0
0 0
0 0
0 0
0 0
0 0
0 0
0 0
0 0
0 0
0 0
0 0
0 0
0 0
0 0
0 0
0 0
0 0
0 0
0 0
0 0
0 0
0 0
0 0
0 0
0 0
0 0
0 0
0 0
0 0
0 0
0 0
0 0
0 0
0 0
0 0
0 0
0 0
0 0
0 0
0 0
0 0
0 0
0 0
0 0
0 0
0 0
0 0
0 0
0 0
0 0
0 0
0 0
0 0
0 0
0 0
0 0
0 0
0 0
0 0
0 0
0 0
0 0
0 0
