118341 99720160
102105 99720160
38494 99720160
26945 98234970
19224 96873994
16201 96873994
15454 96873994
14365 96873994
13147 96873994
13127 96873994
11117 96873994
11093 96873994
8255 96224568
8167 96224568
8157 96224568
7438 96224568
6838 96224568
6322 96224568
6268 96224568
6263 96224568
6160 96224568
4973 96224568
4878 96224568
4039 96224568
4027 96224568
3707 96224568
3682 96224568
3624 96224568
3340 96224568
3124 96224568
3070 95321900
3010 95321900
2939 95321900
2906 95321900
2535 95321900
2522 95321900
2511 95321900
2265 95321900
2023 95321900
1963 95321900
1938 95321900
1915 95321900
1858 95321900
1675 95321900
1614 95321900
1528 95321900
1460 95321900
1399 95321900
1391 95321900
1324 95321900
1275 95321900
1248 95321900
1217 95321900
1188 95321900
1176 95321900
1170 95321900
1143 95321900
1131 95321900
1111 95321900
1080 95321900
1068 95321900
1057 95321900
1047 95321900
1016 95321900
1003 95321900
990 95321900
924 95321900
842 95321900
784 95321900
776 95321900
760 93512988
733 93512988
701 90586080
679 90586080
669 90586080
655 90586080
630 90586080
628 90586080
624 90586080
619 90586080
609 90586080
592 90586080
582 90586080
574 90586080
554 90586080
550 90586080
544 90586080
542 90586080
528 90586080
521 90586080
505 90586080
499 90586080
491 90586080
477 90586080
467 90586080
459 90586080
448 90586080
439 90586080
437 90586080
435 90586080
433 90586080
431 90586080
423 90586080
414 90586080
406 90586080
396 90586080
395 90586080
383 90586080
382 90586080
365 90586080
362 90586080
353 90586080
326 90586080
320 90586080
310 90586080
302 90586080
292 90586080
279 90586080
276 90586080
268 90586080
264 90586080
260 90586080
252 90586080
250 90586080
247 90586080
224 90586080
221 90586080
214 90586080
202 90586080
189 90586080
185 90586080
182 90586080
178 90586080
175 90586080
173 90586080
170 90586080
162 90586080
150 90586080
147 90586080
140 90586080
136 90586080
131 90586080
124 90586080
118 90586080
115 90586080
112 90586080
107 90586080
105 90586080
103 90586080
101 90586080
98 90586080
95 90586080
94 90586080
88 90586080
81 90586080
79 90586080
71 90586080
69 90586080
64 90586080
62 90586080
58 90586080
56 90586080
53 90586080
50 90586080
49 90586080
43 90586080
38 90586080
36 90586080
33 90586080
31 90586080
27 90586080
23 90586080
20 90586080
17 90586080
15 90586080
13 90586080
11 90586080
9 90586080
7 32642340
6 32642340
5 32642340
0 0
0 0
0 0
0 0
0 0
0 0
0 0
0 0
0 0
0 0
0 0
0 0
0 0
0 0
0 0
0 0
0 0
0 0
0 0
0 0
0 0
0 0
0 0
0 0
0 0
0 0
0 0
0 0
0 0
0 0
0 0
0 0
0 0
0 0
0 0
0 0
0 0
0 0
0 0
0 0
0 0
0 0
0 0
0 0
0 0
0 0
0 0
0 0
0 0
0 0
0 0
0 0
0 0
0 0
0 0
0 0
0 0
0 0
0 0
0 0
0 0
0 0
0 0
0 0
0 0
0 0
0 0
0 0
0 0
0 0
0 0
0 0
0 0
0 0
0 0
0 0
0 0
0 0
0 0
0 0
0 0
0 0
0 0
0 0
0 0
0 0
0 0
0 0
0 0
0 0
0 0
0 0
0 0
0 0
0 0
0 0
0 0
0 0
0 0
0 0
0 0
0 0
0 0
0 0
0 0
0 0
0 0
0 0
0 0
0 0
0 0
0 0
0 0
0 0
0 0
0 0
0 0
0 0
0 0
0 0
0 0
0 0
0 0
0 0
0 0
0 0
0 0
0 0
0 0
0 0
0 0
0 0
0 0
0 0
0 0
0 0
0 0
0 0
0 0
0 0
0 0
0 0
0 0
0 0
0 0
0 0
0 0
0 0
0 0
0 0
0 0
0 0
0 0
0 0
0 0
0 0
0 0
0 0
0 0
0 0
0 0
0 0
0 0
0 0
0 0
0 0
0 0
0 0
0 0
0 0
0 0
0 0
0 0
0 0
0 0
0 0
0 0
0 0
0 0
0 0
0 0
0 0
0 0
0 0
0 0
0 0
0 0
0 0
0 0
0 0
0 0
0 0
0 0
0 0
0 0
0 0
0 0
0 0
0 0
0 0
0 0
0 0
0 0
0 0
0 0
0 0
0 0
0 0
0 0
0 0
0 0
0 0
0 0
0 0
0 0
0 0
0 0
0 0
0 0
0 0
0 0
0 0
0 0
0 0
0 0
0 0
0 0
0 0
0 0
0 0
0 0
0 0
0 0
0 0
0 0
0 0
0 0
0 0
0 0
0 0
0 0
0 0
0 0
0 0
0 0
0 0
0 0
0 0
0 0
0 0
0 0
0 0
0 0
0 0
0 0
0 0
0 0
0 0
0 0
0 0
0 0
0 0
0 0
0 0
0 0
0 0
0 0
0 0
0 0
0 0
0 0
0 0
0 0
0 0
0 0
0 0
0 0
0 0
0 0
0 0
0 0
0 0
0 0
0 0
0 0
0 0
0 0
0 0
0 0
0 0
0 0
0 0
0 0
0 0
0 0
0 0
0 0
0 0
0 0
0 0
0 0
0 0
0 0
0 0
0 0
0 0
