209628 99550324
154828 99550324
147352 99550324
126239 99550324
93359 99550324
59319 99550324
57219 99550324
57171 99550324
40028 98771026
31448 98771026
29930 97929660
29783 97929660
27289 97929660
26917 97929660
21301 97929660
17935 97929660
16935 97929660
15960 97929660
15924 97929660
15371 97929660
14567 97929660
13891 97929660
13723 97929660
13163 97861374
13100 97861374
12398 97861374
12378 97861374
11793 97861374
11286 97861374
10926 97861374
10535 97861374
10415 97861374
10199 97861374
9686 97861374
9650 97861374
9614 97861374
9053 97861374
8999 97861374
8979 97861374
8947 97861374
8567 97861374
8495 97861374
8376 97861374
8360 97861374
7800 97861374
7579 97861374
7363 97861374
6700 97861374
6320 97861374
6285 97861374
6098 97861374
6078 97861374
6066 97861374
6051 97861374
5967 97861374
5895 97861374
5811 97861374
5203 97861374
5161 97861374
5089 97861374
5077 97861374
4965 97861374
4890 97861374
4877 97861374
4737 97357328
4387 97357328
4292 97357328
4288 97357328
4264 97357328
4189 97357328
4181 97357328
4145 97357328
4109 97357328
4067 97357328
4058 97357328
3911 97357328
3883 97357328
3799 97357328
3710 97357328
3700 97357328
3688 97357328
3686 97357328
3680 97357328
3668 97357328
3632 97357328
3464 97357328
3356 97357328
3296 97357328
3286 97357328
3248 97357328
3199 97357328
3187 97357328
3169 97357328
3133 97357328
3061 97357328
3021 97357328
3003 97357328
2991 97357328
2986 97357328
2890 97357328
2876 97357328
2863 97357328
2856 97357328
2852 97357328
2841 97357328
2831 97357328
2828 97357328
2802 97357328
2795 97357328
2765 97357328
2759 97357328
2753 97357328
2745 97357328
2737 97357328
2732 97357328
2723 97357328
2705 97357328
2696 97357328
2682 97357328
2679 97357328
2669 97357328
2655 97357328
2646 97357328
2622 97357328
2604 97357328
2592 97357328
2501 97357328
2467 97357328
2461 97357328
2452 97357328
2450 97357328
2417 97357328
2405 97357328
2396 97357328
2394 97357328
2382 97357328
2371 97357328
2368 97357328
2333 97357328
2291 97357328
2279 97357328
2213 97357328
2176 97357328
2170 97357328
2165 97357328
2159 97357328
2157 97357328
2148 97357328
2129 97357328
2115 97357328
2103 97357328
2069 97357328
2054 97357328
2051 97357328
2049 97357328
2048 97357328
2034 97357328
2032 97357328
2004 97357328
1999 97357328
1989 97357328
1961 97357328
1953 97357328
1947 97357328
1937 97357328
1917 97357328
1872 97357328
1862 97357328
1747 97357328
1743 97357328
1704 97357328
1694 97357328
1652 97357328
1650 97357328
1648 97357328
1642 97357328
1630 97357328
1614 97357328
1604 97357328
1600 97357328
1595 97357328
1585 97357328
1570 97357328
1568 97357328
1560 97357328
1532 97357328
1531 97357328
1530 97357328
1524 97357328
1512 97357328
1440 97357328
1437 97357328
1434 97357328
1429 97357328
1428 97357328
1424 97357328
1418 97357328
1417 97357328
1413 97357328
1403 97357328
1397 97357328
1393 97357328
1385 97357328
1365 97357328
1335 97357328
1331 97357328
1326 97357328
1322 97357328
1321 97357328
1313 97357328
1309 97357328
1308 97357328
1272 97357328
1266 97357328
1265 97357328
1263 97357328
1262 97357328
1259 97357328
1256 97357328
1255 97357328
1249 97357328
1217 97357328
1182 95951968
1180 95951968
1177 95951968
1153 95951968
1151 95951968
1147 95951968
1145 95951968
1143 95951968
1140 95951968
1136 95951968
1132 95951968
1127 95951968
1112 95951968
1111 95951968
1102 95951968
1100 95951968
1085 95951968
1084 95951968
1083 95951968
1069 95951968
1057 95951968
1055 95951968
1053 95951968
1047 95951968
1044 95951968
1040 95951968
1025 95951968
1019 95951968
1013 95951968
1011 95951968
1009 95951968
988 95951968
985 95951968
979 95951968
930 95951968
929 95951968
927 95951968
925 95951968
919 95951968
917 95951968
915 95951968
912 95951968
876 95951968
874 95951968
870 95951968
863 95951968
862 95951968
852 95951968
851 95951968
847 95951968
844 95951968
824 95951968
814 95951968
802 95951968
798 95951968
790 95951968
788 95951968
780 95951968
776 95951968
772 95951968
768 95951968
759 95951968
757 95951968
737 95951968
735 95951968
731 95951968
729 95951968
728 95951968
723 95951968
721 95951968
720 95951968
718 95951968
716 95951968
710 95951968
708 95951968
705 95951968
695 95951968
694 95951968
693 95951968
691 95951968
685 95951968
660 95951968
658 95951968
655 95951968
653 95951968
652 95951968
649 95951968
648 95951968
647 95951968
643 95951968
642 95951968
636 95951968
634 95951968
633 95951968
625 95951968
615 95951968
614 95951968
612 95951968
609 95951968
605 95951968
603 95951968
602 95951968
596 95951968
592 95951968
591 95951968
590 95951968
585 95951968
583 95951968
577 95951968
573 95951968
570 95951968
568 95951968
558 95951968
557 95951968
556 95951968
552 95951968
548 95951968
533 95951968
532 95951968
526 95951968
525 95951968
521 95951968
514 95951968
512 95951968
502 95951968
501 95951968
497 95951968
495 95951968
493 95951968
491 95951968
489 95951968
487 95951968
485 95951968
482 95951968
480 95951968
479 95951968
477 95951968
475 95951968
472 95951968
471 95951968
470 95951968
466 95951968
464 95951968
458 95951968
456 95951968
455 95951968
449 95951968
448 95951968
445 95951968
442 95951968
436 95951968
434 95951968
432 95951968
426 95951968
425 95951968
424 95951968
423 95951968
422 95951968
418 95951968
417 95951968
416 95951968
415 95951968
413 95951968
412 95951968
409 95951968
408 95951968
406 95951968
404 95951968
402 95951968
400 95951968
398 95951968
397 95951968
385 95951968
384 95951968
383 95951968
382 95951968
381 95951968
380 95951968
378 95951968
377 95951968
374 95455541
373 95455541
371 95455541
367 95455541
366 95455541
358 95455541
353 95455541
350 95455541
349 95455541
348 95455541
347 95455541
346 95455541
345 95455541
344 95455541
342 95455541
334 95455541
332 95455541
331 95455541
330 95455541
328 95455541
325 95455541
319 95455541
318 95455541
315 95455541
314 95455541
312 95455541
310 95455541
309 95455541
308 95455541
305 95455541
304 95455541
303 95455541
301 95455541
300 95455541
298 95455541
296 95455541
295 95455541
294 95455541
291 95455541
289 95455541
288 95455541
287 95455541
281 95455541
277 95455541
275 95455541
273 95455541
272 95455541
271 95455541
269 95455541
268 95455541
267 95455541
265 95455541
261 95455541
260 95455541
259 95455541
256 95455541
253 95455541
252 95455541
249 95455541
248 95455541
247 95455541
245 95455541
239 95455541
237 95455541
233 95455541
232 95455541
231 95455541
230 95455541
229 95455541
225 95455541
219 95455541
218 95455541
217 95455541
216 95455541
215 95455541
213 95455541
212 95455541
211 95455541
209 95455541
208 95455541
206 95455541
204 95455541
203 95455541
202 95455541
201 95455541
199 95455541
195 95455541
194 95455541
193 95455541
191 95455541
183 95455541
182 95455541
181 95455541
179 95455541
177 95455541
176 95455541
173 95455541
172 95455541
171 95455541
170 95455541
168 95455541
166 95455541
165 95455541
164 95455541
163 95455541
162 95455541
160 95455541
159 95455541
157 95455541
156 95455541
155 95455541
153 95455541
152 95455541
151 95455541
150 95455541
149 95455541
148 95455541
147 95455541
146 95455541
144 95455541
140 95455541
139 95455541
138 95455541
136 95455541
135 95455541
134 95455541
133 95455541
132 95455541
131 95455541
130 95455541
129 95455541
128 95455541
127 95455541
126 95455541
120 95455541
119 95455541
117 95455541
115 95455541
114 95455541
112 95455541
111 95455541
110 95455541
108 95455541
106 95455541
105 95455541
104 95455541
103 95455541
102 95455541
101 95455541
100 95455541
99 95455541
98 95455541
97 95455541
96 95455541
94 95455541
93 95455541
92 95455541
91 95455541
87 95455541
86 95455541
85 95455541
84 95455541
82 95455541
81 95455541
80 95455541
79 95455541
78 95455541
77 95455541
76 95455541
74 95455541
73 95455541
72 95455541
71 95455541
70 95455541
69 95455541
68 95455541
67 95455541
64 95455541
63 95455541
62 95455541
61 95455541
60 95455541
59 95455541
58 95455541
56 95455541
54 71243952
53 71243952
52 71243952
50 71243952
49 59572167
47 59572167
46 59572167
45 59572167
44 59572167
43 59572167
42 59572167
40 59572167
39 59572167
38 59572167
37 59572167
36 59572167
35 59572167
34 59572167
33 59572167
32 59572167
31 59572167
30 59572167
29 59572167
28 59572167
27 59572167
26 59572167
25 59572167
24 59572167
23 59572167
22 59572167
21 59572167
19 59572167
18 59572167
17 59572167
16 59572167
15 59572167
14 59572167
13 59572167
12 19028682
11 19028682
10 19028682
9 19028682
8 19028682
7 19028682
6 10412795
5 1101430
4 1101430
3 1101430
2 -38649310
1 -59288850
0 0
0 0
0 0
0 0
0 0
0 0
0 0
0 0
0 0
0 0
0 0
