306936 99042240
82891 98843300
50615 98843300
40864 98843300
38540 98843300
25951 98843300
24067 98843300
21758 98843300
20096 98843300
19936 98843300
18783 96497120
17521 96497120
13439 96497120
13322 96497120
12532 96497120
11695 96497120
10920 96497120
10880 96497120
10377 96497120
9974 96497120
9030 96497120
8413 96497120
8242 96497120
8057 96497120
7661 96497120
7451 96497120
7261 96497120
7125 96497120
7065 96497120
6553 96497120
6191 96497120
6171 96497120
5997 96497120
5459 96497120
5346 96497120
5194 96497120
5148 96497120
5096 96497120
5029 96497120
4768 96497120
4673 96497120
3876 96497120
3830 96497120
3707 96497120
3638 96497120
3558 96497120
3534 96497120
3392 96497120
3378 96497120
3222 96497120
3211 96497120
3063 96497120
3061 96497120
3058 96497120
2991 96497120
2968 96497120
2876 96497120
2831 96497120
2800 96497120
2768 96497120
2760 96497120
2690 96497120
2670 96497120
2568 96497120
2563 96497120
2544 96497120
2467 96497120
2430 96497120
2342 96497120
2305 96497120
2291 96497120
2283 96497120
2231 96497120
2117 96497120
2102 96497120
2094 96497120
2068 96497120
2056 96497120
2007 96497120
1945 96497120
1939 96497120
1928 96497120
1900 96497120
1826 96497120
1822 96497120
1821 96497120
1766 96497120
1747 96497120
1745 96497120
1722 96497120
1630 96497120
1583 96497120
1579 96497120
1545 96497120
1544 96497120
1520 96497120
1487 96497120
1475 96497120
1465 96497120
1436 96497120
1432 96497120
1417 96497120
1402 96497120
1374 96497120
1362 96497120
1355 96497120
1351 96497120
1328 96497120
1300 96497120
1265 96497120
1262 96497120
1238 96497120
1236 96497120
1219 96497120
1179 96497120
1097 96497120
1095 96497120
1090 96497120
1077 96497120
1075 96497120
1059 96497120
1051 96497120
1043 96497120
1030 96497120
1029 96497120
1006 96497120
993 96497120
980 96497120
977 96497120
970 96497120
960 96497120
957 96497120
943 96497120
940 96497120
930 96497120
923 96497120
903 96497120
899 96497120
891 96497120
875 96497120
858 96497120
851 96497120
847 96497120
821 96497120
805 96497120
795 96497120
784 96497120
724 96497120
722 96497120
717 96497120
704 96497120
691 96497120
680 96497120
675 96497120
646 96497120
627 96497120
618 96497120
610 96497120
604 96497120
579 96497120
566 96497120
547 96497120
543 96497120
535 96497120
533 96497120
524 96497120
520 96497120
510 96497120
506 96497120
500 96497120
495 96497120
490 96497120
481 96497120
476 96497120
472 96497120
458 96497120
438 96497120
429 96497120
415 96497120
401 96497120
396 96497120
392 96497120
389 96497120
384 96497120
381 96497120
376 96497120
374 96497120
369 96497120
362 96497120
360 96497120
356 96497120
355 96497120
352 96497120
347 96497120
345 96497120
344 96497120
339 96497120
338 96497120
332 96497120
328 96497120
323 96497120
316 96497120
314 96497120
308 96497120
297 96497120
290 96497120
287 96497120
283 96497120
280 96497120
275 96497120
268 96497120
262 96497120
255 96497120
252 96497120
249 96497120
244 96497120
241 96497120
233 96497120
230 96497120
229 96497120
226 96497120
223 96497120
218 96497120
217 96497120
208 96497120
202 96497120
194 96497120
190 96497120
188 96497120
184 96497120
183 96497120
181 96497120
178 96497120
175 96497120
173 96497120
171 96497120
166 96497120
162 96497120
158 96497120
150 96497120
144 96497120
139 96497120
138 96497120
136 96497120
131 96497120
122 96497120
121 96497120
117 96497120
115 96497120
114 96497120
109 96497120
104 96497120
102 79302595
100 79302595
97 79302595
93 79302595
92 79302595
90 79302595
85 79302595
78 79302595
75 79302595
72 79302595
67 79302595
64 79302595
62 79302595
54 79302595
53 79302595
51 79302595
49 79302595
46 79302595
45 79302595
40 79302595
38 79302595
34 79302595
31 79302595
29 79302595
28 79302595
25 79302595
22 79302595
18 79302595
16 66928136
14 66928136
11 66928136
8 66928136
5 66928136
3 66928136
0 0
0 0
0 0
0 0
0 0
0 0
0 0
0 0
0 0
0 0
0 0
0 0
0 0
0 0
0 0
0 0
0 0
0 0
0 0
0 0
0 0
0 0
0 0
0 0
0 0
0 0
0 0
0 0
0 0
0 0
0 0
0 0
0 0
0 0
0 0
0 0
0 0
0 0
0 0
0 0
0 0
0 0
0 0
0 0
0 0
0 0
0 0
0 0
0 0
0 0
0 0
0 0
0 0
0 0
0 0
0 0
0 0
0 0
0 0
0 0
0 0
0 0
0 0
0 0
0 0
0 0
0 0
0 0
0 0
0 0
0 0
0 0
0 0
0 0
0 0
0 0
0 0
0 0
0 0
0 0
0 0
0 0
0 0
0 0
0 0
0 0
0 0
0 0
0 0
0 0
0 0
0 0
0 0
0 0
0 0
0 0
0 0
0 0
0 0
0 0
0 0
0 0
0 0
0 0
0 0
0 0
0 0
0 0
0 0
0 0
0 0
0 0
0 0
0 0
0 0
0 0
0 0
0 0
0 0
0 0
0 0
0 0
0 0
0 0
0 0
0 0
0 0
0 0
0 0
0 0
0 0
0 0
0 0
0 0
0 0
0 0
0 0
0 0
0 0
0 0
0 0
0 0
0 0
0 0
0 0
0 0
0 0
0 0
0 0
0 0
0 0
0 0
0 0
0 0
0 0
0 0
0 0
0 0
0 0
0 0
0 0
0 0
0 0
0 0
0 0
0 0
0 0
0 0
0 0
0 0
0 0
0 0
0 0
0 0
0 0
0 0
0 0
0 0
0 0
0 0
0 0
0 0
0 0
0 0
0 0
0 0
0 0
0 0
0 0
0 0
0 0
0 0
0 0
0 0
0 0
0 0
0 0
0 0
0 0
0 0
0 0
0 0
0 0
0 0
0 0
0 0
0 0
0 0
0 0
0 0
0 0
0 0
0 0
0 0
0 0
0 0
0 0
0 0
0 0
0 0
0 0
0 0
0 0
0 0
0 0
0 0
0 0
0 0
0 0
0 0
0 0
0 0
0 0
0 0
0 0
0 0
0 0
0 0
0 0
0 0
0 0
0 0
0 0
0 0
0 0
0 0
0 0
0 0
0 0
0 0
0 0
0 0
0 0
0 0
0 0
0 0
0 0
0 0
0 0
0 0
0 0
0 0
0 0
0 0
0 0
0 0
0 0
0 0
0 0
0 0
0 0
0 0
0 0
0 0
0 0
0 0
0 0
0 0
0 0
0 0
0 0
0 0
0 0
0 0
0 0
0 0
0 0
0 0
0 0
0 0
0 0
0 0
0 0
0 0
0 0
0 0
0 0
0 0
0 0
0 0
0 0
0 0
0 0
0 0
0 0
0 0
0 0
0 0
0 0
0 0
0 0
0 0
0 0
0 0
0 0
0 0
0 0
0 0
0 0
0 0
0 0
0 0
0 0
0 0
0 0
0 0
0 0
0 0
0 0
0 0
0 0
0 0
0 0
0 0
0 0
0 0
0 0
0 0
0 0
0 0
0 0
0 0
0 0
0 0
0 0
0 0
0 0
0 0
0 0
0 0
0 0
0 0
0 0
0 0
0 0
0 0
0 0
0 0
0 0
0 0
0 0
0 0
0 0
0 0
0 0
0 0
0 0
0 0
0 0
0 0
0 0
0 0
0 0
0 0
0 0
0 0
0 0
0 0
0 0
0 0
0 0
0 0
0 0
0 0
0 0
0 0
0 0
0 0
0 0
0 0
0 0
0 0
0 0
0 0
0 0
0 0
0 0
0 0
0 0
0 0
0 0
0 0
0 0
0 0
0 0
0 0
0 0
0 0
0 0
0 0
0 0
0 0
0 0
0 0
0 0
0 0
0 0
0 0
0 0
0 0
0 0
0 0
0 0
0 0
0 0
0 0
0 0
0 0
0 0
0 0
0 0
0 0
0 0
0 0
0 0
0 0
0 0
0 0
0 0
0 0
0 0
0 0
0 0
0 0
0 0
0 0
0 0
0 0
0 0
0 0
0 0
0 0
0 0
0 0
0 0
0 0
0 0
0 0
0 0
0 0
0 0
0 0
0 0
0 0
0 0
0 0
0 0
0 0
0 0
0 0
0 0
0 0
0 0
0 0
0 0
0 0
0 0
0 0
0 0
0 0
0 0
0 0
0 0
0 0
0 0
0 0
0 0
0 0
0 0
0 0
0 0
0 0
0 0
0 0
0 0
0 0
0 0
0 0
