243951 99730176
136563 99250704
78037 99250704
65266 99250704
64006 99250704
63268 99250704
61028 99250704
51433 99250704
35753 99250704
32149 99250704
28387 99250704
28225 99250704
27205 99250704
27081 99250704
26805 99250704
24561 99250704
22153 99200759
21568 99200759
20476 99200759
17788 99200759
17590 99200759
17242 99200759
17010 99200759
16194 99200759
15964 99200759
15448 99200759
15208 99200759
15164 99200759
14898 99200759
14198 97760764
13478 97760764
13178 97760764
13169 97760764
12305 97760764
12035 97760764
11900 97760764
11883 97760764
11739 97760764
11490 97760764
11166 97760764
11150 97760764
11094 97760764
9106 97760764
9016 97760764
8994 97760764
8970 97760764
8742 97760764
8562 97760764
8502 97760764
8467 97760764
8411 97760764
8397 97760764
8217 97760764
8100 97760764
8060 97760764
8041 97760764
8021 97760764
7901 97760764
7829 97760764
7643 97760764
7544 97760764
7436 97760764
6585 97760764
6584 97760764
6500 97760764
6440 97760764
6421 97760764
6205 97760764
6117 97760764
6113 97760764
6095 97760764
6023 97760764
5939 97760764
5909 97760764
5895 97760764
5713 97760764
5657 97760764
5651 97760764
5431 97760764
5427 97760764
5388 97760764
5361 97760764
4668 97760764
4588 97760764
4350 97760764
4305 97760764
4289 97760764
4283 97760764
4280 97760764
4187 97760764
4181 97760764
4163 97760764
4162 97760764
3920 97760764
3915 97760764
3810 97760764
3747 97760764
3707 97760764
3682 97760764
3679 97760764
3417 97760764
3264 97760764
3184 97760764
3168 97760764
3166 97760764
3141 97760764
3133 97760764
3109 97760764
3091 97760764
3067 97760764
3057 97760764
2997 97760764
2982 97760764
2973 97760764
2969 97760764
2912 97760764
2896 97760764
2856 97760764
2838 97760764
2833 97760764
2809 97760764
2713 97760764
2711 97760764
2699 97760764
2679 97760764
2661 97760764
2621 97760764
2586 97760764
2574 97760764
2558 97760764
2522 97760764
2517 97760764
2496 97760764
2476 97760764
2420 97760764
2399 97760764
2390 97760764
2384 97760764
2369 97760764
2334 97760764
2314 97760764
2300 97760764
2292 97760764
2290 97760764
2285 97760764
2189 97760764
2184 97760764
2136 97760764
2109 97760764
2106 97760764
2097 97760764
2076 97760764
2072 97760764
2062 97760764
2059 97760764
2026 97760764
1972 97760764
1969 97760764
1962 97760764
1960 97760764
1954 97760764
1951 97760764
1948 97760764
1924 97760764
1912 97760764
1894 97760764
1893 97760764
1890 97760764
1881 97760764
1876 97760764
1873 97760764
1870 97760764
1865 97760764
1851 97760764
1823 97760764
1818 97760764
1809 97760764
1797 97760764
1737 96876905
1733 96876905
1727 96876905
1723 96876905
1721 96876905
1649 96876905
1647 96876905
1643 96876905
1640 96876905
1636 96876905
1620 96876905
1570 96876905
1564 96876905
1554 96876905
1539 96876905
1535 96876905
1523 96876905
1509 96876905
1506 96876905
1504 96876905
1502 96876905
1499 96876905
1496 96876905
1464 96876905
1446 96876905
1422 96876905
1418 96876905
1404 96876905
1388 96876905
1382 96876905
1381 96876905
1365 96876905
1359 96876905
1349 96876905
1346 96876905
1340 96876905
1322 96876905
1318 96876905
1316 96876905
1312 96876905
1311 96876905
1306 96876905
1305 96876905
1303 96876905
1288 96876905
1286 96876905
1285 96876905
1280 96876905
1272 96876905
1270 96876905
1216 96876905
1212 96876905
1211 96876905
1206 96876905
1203 96876905
1202 96876905
1194 96876905
1184 96876905
1177 96876905
1171 96876905
1163 96876905
1147 96876905
1132 96876905
1118 96876905
1116 96876905
1113 96876905
1111 96876905
1104 96876905
1102 96876905
1100 96876905
1088 96876905
1086 96876905
1084 96876905
1083 96876905
1081 96876905
1067 96876905
1065 96876905
1063 96876905
1060 96876905
1051 96876905
1047 96876905
1046 96876905
1043 96876905
1041 96876905
1037 96876905
1035 96876905
1020 96876905
1017 96876905
1016 96876905
1004 96876905
998 96876905
997 96876905
994 96876905
993 96876905
969 96876905
919 96876905
915 96876905
911 96876905
909 96876905
899 96876905
892 96876905
890 96876905
884 96876905
881 96876905
879 96876905
878 96876905
877 96876905
853 96876905
847 96876905
841 96876905
837 96876905
835 96876905
833 96876905
826 96876905
825 96876905
823 96876905
821 96876905
818 96876905
817 96876905
816 96876905
810 96876905
803 96876905
797 96876905
793 96876905
789 96876905
786 96876905
784 96876905
778 96876905
776 96876905
774 96876905
767 96876905
766 96876905
765 96876905
761 96876905
759 96876905
752 96876905
746 96876905
742 96876905
738 96876905
734 96876905
728 96876905
725 96876905
713 96876905
708 96876905
699 96876905
693 96876905
688 96876905
681 96876905
669 96876905
629 96876905
622 96876905
619 96876905
610 96876905
609 96876905
608 96876905
607 96876905
603 96876905
601 96876905
595 96876905
591 96876905
589 96876905
587 96876905
585 96876905
583 96876905
582 96876905
576 96876905
574 96876905
568 96876905
562 96876905
560 96876905
559 96876905
555 90934893
543 90934893
540 90934893
539 90934893
537 90934893
536 90934893
534 90934893
533 90934893
530 90934893
529 90934893
528 90934893
525 90934893
521 90934893
519 90934893
518 90934893
516 90934893
515 90934893
513 90934893
512 90934893
511 90934893
509 90934893
508 90934893
507 90934893
503 90934893
502 90934893
501 90934893
499 90934893
496 90934893
495 90934893
493 90934893
490 90934893
487 90934893
479 90934893
478 90934893
476 90934893
475 90934893
473 90934893
467 90934893
466 90934893
459 90934893
457 90934893
454 90934893
452 90934893
448 90934893
446 90934893
444 90934893
443 90934893
442 90934893
438 90934893
437 90934893
436 90934893
434 90934893
428 90934893
426 90934893
422 90934893
417 90934893
415 87921365
410 87921365
409 87921365
399 87921365
396 87921365
392 87921365
390 87921365
389 87921365
387 87921365
385 87921365
384 87921365
382 87921365
381 87921365
380 87921365
379 87921365
378 87921365
377 87921365
376 87921365
375 87921365
374 87921365
372 87921365
371 87921365
370 87921365
368 87921365
356 87921365
351 87921365
349 87921365
347 87921365
346 87921365
344 87921365
342 87921365
340 87921365
338 87921365
335 87921365
329 87921365
325 87921365
323 87921365
314 87921365
312 87921365
311 87921365
310 87921365
309 87921365
307 87921365
306 87921365
305 87921365
303 87921365
301 87921365
295 87921365
294 87921365
290 87921365
289 87921365
288 87921365
287 87921365
286 87921365
285 87921365
277 87921365
276 87921365
275 87921365
268 87921365
265 87921365
264 87921365
263 87921365
262 87921365
261 87921365
258 87921365
257 87921365
253 87921365
251 87921365
249 87921365
247 83062089
244 83062089
238 83062089
232 83062089
230 83062089
229 83062089
228 83062089
226 83062089
224 83062089
223 83062089
221 83062089
220 83062089
219 83062089
217 83062089
216 83062089
215 83062089
214 83062089
211 83062089
209 83062089
208 83062089
205 83062089
203 83062089
199 83062089
198 83062089
197 83062089
195 83062089
194 83062089
193 83062089
191 83062089
188 83062089
187 83062089
184 83062089
180 83062089
179 83062089
177 83062089
176 83062089
174 83062089
173 83062089
172 83062089
171 83062089
170 83062089
167 83062089
161 83062089
160 83062089
158 83062089
155 83062089
154 83062089
152 83062089
151 83062089
149 83062089
148 83062089
147 83062089
145 83062089
143 83062089
142 83062089
141 83062089
139 83062089
138 83062089
137 83062089
133 83062089
132 83062089
131 83062089
128 83062089
126 83062089
125 83062089
124 83062089
123 83062089
122 83062089
118 83062089
117 83062089
116 83062089
110 83062089
109 83062089
108 83062089
106 83062089
105 83062089
104 83062089
103 83062089
101 83062089
100 83062089
99 83062089
98 83062089
97 83062089
95 83062089
94 83062089
93 83062089
91 83062089
89 83062089
88 83062089
87 83062089
86 83062089
85 83062089
84 83062089
83 83062089
82 83062089
81 83062089
79 83062089
78 83062089
76 83062089
75 83062089
74 83062089
72 83062089
70 83062089
69 83062089
68 83062089
67 83062089
66 83062089
65 83062089
64 83062089
63 83062089
62 83062089
61 83062089
60 83062089
57 83062089
56 83062089
55 83062089
54 83062089
53 83062089
52 48212874
51 48212874
50 48212874
47 48212874
46 48212874
44 47101481
42 47101481
41 47101481
40 47101481
39 47101481
37 47101481
35 47101481
34 47101481
32 47101481
31 47101481
29 47101481
28 47101481
26 47101481
25 47101481
23 47101481
22 47101481
21 47101481
20 47101481
19 47101481
18 47101481
17 46754388
16 46754388
15 46754388
14 46754388
13 46754388
11 46754388
10 46754388
9 46754388
8 22122840
7 22122840
5 -818272
3 -818272
2 -2104550
1 -6173635
0 0
0 0
0 0
0 0
0 0
0 0
0 0
0 0
0 0
0 0
0 0
0 0
0 0
0 0
0 0
0 0
0 0
0 0
0 0
0 0
0 0
0 0
0 0
0 0
0 0
0 0
0 0
0 0
0 0
0 0
0 0
0 0
0 0
0 0
0 0
0 0
0 0
0 0
0 0
0 0
0 0
0 0
0 0
0 0
0 0
0 0
0 0
0 0
0 0
0 0
0 0
0 0
0 0
0 0
0 0
0 0
0 0
0 0
0 0
0 0
0 0
0 0
0 0
0 0
0 0
0 0
0 0
0 0
